Starting job 242523 on b[4343-4346] at Thu Oct 21 15:24:23 CEST 2021

start running log_V50_gxpf1a_m0p.txt ...
start running log_V50_gxpf1a_tr_m0p_m0p.txt ...
Finish computing V50_gxpf1a.    See summary_V50_gxpf1a.txt


Task and CPU usage stats:
       JobID    JobName  AllocCPUS   NTasks     MinCPU MinCPUTask     AveCPU    Elapsed ExitCode 
------------ ---------- ---------- -------- ---------- ---------- ---------- ---------- -------- 
242523       V50_gxpf1a        512                                             00:00:49      0:0 
242523.batch      batch        128        1   00:00:00          0   00:00:00   00:00:49      0:0 
242523.exte+     extern        512        4   00:00:00          2   00:00:00   00:00:49      0:0 
242523.0     hydra_bst+         64        4   00:52:57          1   00:53:37   00:00:40      0:0 
242523.1     hydra_bst+         64        4   00:00:00          3   00:00:00   00:00:04      0:0 

Memory usage stats:
       JobID     MaxRSS MaxRSSTask     AveRSS MaxPages   MaxPagesTask   AvePages 
------------ ---------- ---------- ---------- -------- -------------- ---------- 
242523                                                                           
242523.batch      8041K          0      8041K       11              0         11 
242523.exte+       807K          3     822528        3              2          3 
242523.0       5889279K          0 6010643200      139              2         99 
242523.1          1991K          3    2031360        0              3          0 

Disk usage stats:
       JobID  MaxDiskRead MaxDiskReadTask    AveDiskRead MaxDiskWrite MaxDiskWriteTask   AveDiskWrite 
------------ ------------ --------------- -------------- ------------ ---------------- -------------- 
242523                                                                                                
242523.batch        8.55M               0          8.55M        0.46M                0          0.46M 
242523.exte+        0.00M               2          0.00M            0                2              0 
242523.0           37.92M               0         37.90M       66.53M                0         66.50M 
242523.1                0               3              0            0                3              0 

Job 242523 completed at Thu Oct 21 15:25:11 CEST 2021
