Starting job 242519 on b[5287-5290] at Thu Oct 21 15:04:22 CEST 2021

start running log_V50_gxpf1a_m0p.txt ...
start running log_V50_gxpf1a_tr_m0p_m0p.txt ...
Finish computing V50_gxpf1a.    See summary_V50_gxpf1a.txt


Task and CPU usage stats:
       JobID    JobName  AllocCPUS   NTasks     MinCPU MinCPUTask     AveCPU    Elapsed ExitCode 
------------ ---------- ---------- -------- ---------- ---------- ---------- ---------- -------- 
242519       V50_gxpf1a        512                                             00:01:10      0:0 
242519.batch      batch        128        1   00:00:00          0   00:00:00   00:01:10      0:0 
242519.exte+     extern        512        4   00:00:00          1   00:00:00   00:01:10      0:0 
242519.0     hydra_bst+         64        4   01:35:56          3   01:35:59   00:01:00      0:0 
242519.1     hydra_bst+         64        4   00:00:00          3   00:00:00   00:00:04      0:0 

Memory usage stats:
       JobID     MaxRSS MaxRSSTask     AveRSS MaxPages   MaxPagesTask   AvePages 
------------ ---------- ---------- ---------- -------- -------------- ---------- 
242519                                                                           
242519.batch      8001K          0      8001K       11              0         11 
242519.exte+       807K          1     649984        1              1          1 
242519.0       4638327K          0 4733041920      128              0        114 
242519.1          1990K          3      1982K        0              3          0 

Disk usage stats:
       JobID  MaxDiskRead MaxDiskReadTask    AveDiskRead MaxDiskWrite MaxDiskWriteTask   AveDiskWrite 
------------ ------------ --------------- -------------- ------------ ---------------- -------------- 
242519                                                                                                
242519.batch        8.63M               0          8.63M        0.48M                0          0.48M 
242519.exte+        0.00M               1          0.00M            0                1              0 
242519.0           37.94M               0         37.91M       66.56M                0         66.49M 
242519.1                0               3              0            0                3              0 

Job 242519 completed at Thu Oct 21 15:05:32 CEST 2021
