Starting job 251529 on b[2229-2232] at Thu Nov 4 14:34:35 CET 2021

start running log_V50_gxpf1a_m0p.txt ...
start running log_V50_gxpf1a_tr_m0p_m0p.txt ...
Finish computing V50_gxpf1a.    See summary_V50_gxpf1a.txt


Task and CPU usage stats:
       JobID    JobName  AllocCPUS   NTasks     MinCPU MinCPUTask     AveCPU    Elapsed ExitCode 
------------ ---------- ---------- -------- ---------- ---------- ---------- ---------- -------- 
251529       V50_gxpf1a        512                                             00:00:59      0:0 
251529.batch      batch        128        1   00:00:00          0   00:00:00   00:00:59      0:0 
251529.exte+     extern        512        4   00:00:00          2   00:00:00   00:01:00      0:0 
251529.0     hydra_bst+         64        4   02:18:43          1   02:18:54   00:00:50      0:0 
251529.1     hydra_bst+         64        4   00:00:00          2   00:00:00   00:00:05      0:0 

Memory usage stats:
       JobID     MaxRSS MaxRSSTask     AveRSS MaxPages   MaxPagesTask   AvePages 
------------ ---------- ---------- ---------- -------- -------------- ---------- 
251529                                                                           
251529.batch      7962K          0      7962K       11              0         11 
251529.exte+       815K          2    812.50K        3              2          2 
251529.0       4992209K          0   4982392K      173              3        146 
251529.1          2004K          3    2041088        0              2          0 

Disk usage stats:
       JobID  MaxDiskRead MaxDiskReadTask    AveDiskRead MaxDiskWrite MaxDiskWriteTask   AveDiskWrite 
------------ ------------ --------------- -------------- ------------ ---------------- -------------- 
251529                                                                                                
251529.batch        8.69M               0          8.69M        0.47M                0          0.47M 
251529.exte+        0.00M               2          0.00M            0                2              0 
251529.0           43.56M               0         43.53M       17.43M                0         17.37M 
251529.1                0               2              0            0                2              0 

Job 251529 completed at Thu Nov 4 14:35:34 CET 2021
