Starting job 242573 on b[2349-2351,2353-2357,2394-2395,5270-5275] at Thu Oct 21 17:41:00 CEST 2021

start running log_V50_gxpf1a_m0p.txt ...
start running log_V50_gxpf1a_tr_m0p_m0p.txt ...
Finish computing V50_gxpf1a.    See summary_V50_gxpf1a.txt


Task and CPU usage stats:
       JobID    JobName  AllocCPUS   NTasks     MinCPU MinCPUTask     AveCPU    Elapsed ExitCode 
------------ ---------- ---------- -------- ---------- ---------- ---------- ---------- -------- 
242573       V50_gxpf1a       2048                                             00:00:31      0:0 
242573.batch      batch        128        1   00:00:00          0   00:00:00   00:00:31      0:0 
242573.exte+     extern       2048       16   00:00:00          7   00:00:00   00:00:31      0:0 
242573.0     hydra_bst+        256       16   00:26:27          9   00:27:36   00:00:23      0:0 
242573.1     hydra_bst+        256       16   00:00:00         14   00:00:00   00:00:03      0:0 

Memory usage stats:
       JobID     MaxRSS MaxRSSTask     AveRSS MaxPages   MaxPagesTask   AvePages 
------------ ---------- ---------- ---------- -------- -------------- ---------- 
242573                                                                           
242573.batch      8038K          0      8038K       11              0         11 
242573.exte+       811K          0     784000        3              8          1 
242573.0       4775897K         12   4746154K      127              0         96 
242573.1          2008K          5    2049792        0             14          0 

Disk usage stats:
       JobID  MaxDiskRead MaxDiskReadTask    AveDiskRead MaxDiskWrite MaxDiskWriteTask   AveDiskWrite 
------------ ------------ --------------- -------------- ------------ ---------------- -------------- 
242573                                                                                                
242573.batch        8.32M               0          8.32M        4.67M                0          4.67M 
242573.exte+        0.00M               7          0.00M            0                7              0 
242573.0           39.77M               0         39.76M       68.26M                0         68.23M 
242573.1                0              14              0            0               14              0 

Job 242573 completed at Thu Oct 21 17:41:32 CEST 2021
