Starting job 242569 on b[2349-2351,2353-2357,2394-2395,5270-5275] at Thu Oct 21 17:38:00 CEST 2021

start running log_V50_gxpf1a_m0p.txt ...
start running log_V50_gxpf1a_tr_m0p_m0p.txt ...
Finish computing V50_gxpf1a.    See summary_V50_gxpf1a.txt


Task and CPU usage stats:
       JobID    JobName  AllocCPUS   NTasks     MinCPU MinCPUTask     AveCPU    Elapsed ExitCode 
------------ ---------- ---------- -------- ---------- ---------- ---------- ---------- -------- 
242569       V50_gxpf1a       2048                                             00:00:45      0:0 
242569.batch      batch        128        1   00:00:00          0   00:00:00   00:00:45      0:0 
242569.exte+     extern       2048       16   00:00:00         14   00:00:00   00:00:45      0:0 
242569.0     hydra_bst+        256       16   00:23:31          2   00:24:34   00:00:36      0:0 
242569.1     hydra_bst+        256       16   00:00:00         11   00:00:00   00:00:04      0:0 

Memory usage stats:
       JobID     MaxRSS MaxRSSTask     AveRSS MaxPages   MaxPagesTask   AvePages 
------------ ---------- ---------- ---------- -------- -------------- ---------- 
242569                                                                           
242569.batch      8042K          0      8042K       11              0          0 
242569.exte+       813K          0     784704        3              9          1 
242569.0       2817613K         10 2869130688      128              2         86 
242569.1          2006K          5   2000.50K        0             11          0 

Disk usage stats:
       JobID  MaxDiskRead MaxDiskReadTask    AveDiskRead MaxDiskWrite MaxDiskWriteTask   AveDiskWrite 
------------ ------------ --------------- -------------- ------------ ---------------- -------------- 
242569                                                                                                
242569.batch        9.74M               0          9.74M        5.26M                0          5.26M 
242569.exte+        0.00M              14          0.00M            0               14              0 
242569.0           39.79M               0         39.76M       68.27M                0         68.21M 
242569.1                0              11              0            0               11              0 

Job 242569 completed at Thu Oct 21 17:38:46 CEST 2021
