Starting job 242565 on b[1248,4305,4327,4329,4334-4337] at Thu Oct 21 17:20:59 CEST 2021

start running log_V50_gxpf1a_m0p.txt ...
start running log_V50_gxpf1a_tr_m0p_m0p.txt ...
Finish computing V50_gxpf1a.    See summary_V50_gxpf1a.txt


Task and CPU usage stats:
       JobID    JobName  AllocCPUS   NTasks     MinCPU MinCPUTask     AveCPU    Elapsed ExitCode 
------------ ---------- ---------- -------- ---------- ---------- ---------- ---------- -------- 
242565       V50_gxpf1a       1024                                             00:00:37      0:0 
242565.batch      batch        128        1   00:00:00          0   00:00:00   00:00:37      0:0 
242565.exte+     extern       1024        8   00:00:00          5   00:00:00   00:00:37      0:0 
242565.0     hydra_bst+        128        8   00:29:26          4   00:29:45   00:00:29      0:0 
242565.1     hydra_bst+        128        8   00:00:00          6   00:00:00   00:00:04      0:0 

Memory usage stats:
       JobID     MaxRSS MaxRSSTask     AveRSS MaxPages   MaxPagesTask   AvePages 
------------ ---------- ---------- ---------- -------- -------------- ---------- 
242565                                                                           
242565.batch      8026K          0      8026K       11              0         11 
242565.exte+       809K          2     741760        3              5          3 
242565.0       5811193K          3 5929393792      128              2        102 
242565.1          1997K          7   1990.50K        0              6          0 

Disk usage stats:
       JobID  MaxDiskRead MaxDiskReadTask    AveDiskRead MaxDiskWrite MaxDiskWriteTask   AveDiskWrite 
------------ ------------ --------------- -------------- ------------ ---------------- -------------- 
242565                                                                                                
242565.batch        8.13M               0          8.13M        1.35M                0          1.35M 
242565.exte+        0.00M               5          0.00M            0                5              0 
242565.0           38.53M               0         38.52M       67.09M                0         67.07M 
242565.1                0               6              0            0                6              0 

Job 242565 completed at Thu Oct 21 17:21:37 CEST 2021
