Starting job 242524 on b[4343-4346] at Thu Oct 21 15:25:16 CEST 2021

start running log_V50_gxpf1a_m0p.txt ...
start running log_V50_gxpf1a_tr_m0p_m0p.txt ...
Finish computing V50_gxpf1a.    See summary_V50_gxpf1a.txt


Task and CPU usage stats:
       JobID    JobName  AllocCPUS   NTasks     MinCPU MinCPUTask     AveCPU    Elapsed ExitCode 
------------ ---------- ---------- -------- ---------- ---------- ---------- ---------- -------- 
242524       V50_gxpf1a        512                                             00:00:48      0:0 
242524.batch      batch        128        1   00:00:00          0   00:00:00   00:00:48      0:0 
242524.exte+     extern        512        4   00:00:00          3   00:00:00   00:00:48      0:0 
242524.0     hydra_bst+         64        4   00:48:33          0   00:51:45   00:00:40      0:0 
242524.1     hydra_bst+         64        4   00:00:00          3   00:00:00   00:00:04      0:0 

Memory usage stats:
       JobID     MaxRSS MaxRSSTask     AveRSS MaxPages   MaxPagesTask   AvePages 
------------ ---------- ---------- ---------- -------- -------------- ---------- 
242524                                                                           
242524.batch      8041K          0      8041K       11              0         11 
242524.exte+       809K          3       806K        3              3          3 
242524.0       6748368K          2 6899548416      131              2        113 
242524.1          1993K          2    2031872        0              3          0 

Disk usage stats:
       JobID  MaxDiskRead MaxDiskReadTask    AveDiskRead MaxDiskWrite MaxDiskWriteTask   AveDiskWrite 
------------ ------------ --------------- -------------- ------------ ---------------- -------------- 
242524                                                                                                
242524.batch        8.55M               0          8.55M        0.46M                0          0.46M 
242524.exte+        0.00M               3          0.00M            0                3              0 
242524.0           37.91M               0         37.90M       66.52M                0         66.49M 
242524.1                0               3              0            0                3              0 

Job 242524 completed at Thu Oct 21 15:26:04 CEST 2021
