Starting job 242561 on b[1248,4305,4327,4329,4334-4337] at Thu Oct 21 17:18:59 CEST 2021

start running log_V50_gxpf1a_m0p.txt ...
start running log_V50_gxpf1a_tr_m0p_m0p.txt ...
Finish computing V50_gxpf1a.    See summary_V50_gxpf1a.txt


Task and CPU usage stats:
       JobID    JobName  AllocCPUS   NTasks     MinCPU MinCPUTask     AveCPU    Elapsed ExitCode 
------------ ---------- ---------- -------- ---------- ---------- ---------- ---------- -------- 
242561       V50_gxpf1a       1024                                             00:00:51      0:0 
242561.batch      batch        128        1   00:00:00          0   00:00:00   00:00:51      0:0 
242561.exte+     extern       1024        8   00:00:00          4   00:00:00   00:00:51      0:0 
242561.0     hydra_bst+        128        8   01:13:19          7   01:13:27   00:00:41      0:0 
242561.1     hydra_bst+        128        8   00:00:00          6   00:00:00   00:00:03      0:0 

Memory usage stats:
       JobID     MaxRSS MaxRSSTask     AveRSS MaxPages   MaxPagesTask   AvePages 
------------ ---------- ---------- ---------- -------- -------------- ---------- 
242561                                                                           
242561.batch      8022K          0      8022K       11              0         11 
242561.exte+       811K          3     826112        3              4          3 
242561.0       3583173K          6 3659211904      107              6         89 
242561.1          4035K          7   2245.50K        0              6          0 

Disk usage stats:
       JobID  MaxDiskRead MaxDiskReadTask    AveDiskRead MaxDiskWrite MaxDiskWriteTask   AveDiskWrite 
------------ ------------ --------------- -------------- ------------ ---------------- -------------- 
242561                                                                                                
242561.batch        8.16M               0          8.16M        1.38M                0          1.38M 
242561.exte+        0.00M               4          0.00M            0                4              0 
242561.0           38.57M               0         38.52M      107.95M                4        105.70M 
242561.1                0               6              0            0                6              0 

Job 242561 completed at Thu Oct 21 17:19:51 CEST 2021
