Starting job 242521 on b[4343-4346] at Thu Oct 21 15:11:55 CEST 2021

start running log_V50_gxpf1a_m0p.txt ...
start running log_V50_gxpf1a_tr_m0p_m0p.txt ...
Finish computing V50_gxpf1a.    See summary_V50_gxpf1a.txt


Task and CPU usage stats:
       JobID    JobName  AllocCPUS   NTasks     MinCPU MinCPUTask     AveCPU    Elapsed ExitCode 
------------ ---------- ---------- -------- ---------- ---------- ---------- ---------- -------- 
242521       V50_gxpf1a        512                                             00:01:13      0:0 
242521.batch      batch        128        1   00:00:00          0   00:00:00   00:01:13      0:0 
242521.exte+     extern        512        4   00:00:00          3   00:00:00   00:01:13      0:0 
242521.0     hydra_bst+         64        4   01:57:19          3   01:57:26   00:01:01      0:0 
242521.1     hydra_bst+         64        4   00:00:00          2   00:00:00   00:00:04      0:0 

Memory usage stats:
       JobID     MaxRSS MaxRSSTask     AveRSS MaxPages   MaxPagesTask   AvePages 
------------ ---------- ---------- ---------- -------- -------------- ---------- 
242521                                                                           
242521.batch      8041K          0      8041K       11              0         11 
242521.exte+       807K          3       805K        3              3          3 
242521.0       5697847K          3 5639840512      114              2        103 
242521.1          1995K          3    2031872        0              2          0 

Disk usage stats:
       JobID  MaxDiskRead MaxDiskReadTask    AveDiskRead MaxDiskWrite MaxDiskWriteTask   AveDiskWrite 
------------ ------------ --------------- -------------- ------------ ---------------- -------------- 
242521                                                                                                
242521.batch        8.57M               0          8.57M        0.48M                0          0.48M 
242521.exte+        0.00M               3          0.00M            0                3              0 
242521.0           37.94M               0         37.91M       66.57M                0         66.50M 
242521.1                0               2              0            0                2              0 

Job 242521 completed at Thu Oct 21 15:13:09 CEST 2021
