Starting job 242564 on b[3333-3334,3339,3341,4343-4346] at Thu Oct 21 17:20:29 CEST 2021

start running log_V50_gxpf1a_m0p.txt ...
start running log_V50_gxpf1a_tr_m0p_m0p.txt ...
Finish computing V50_gxpf1a.    See summary_V50_gxpf1a.txt


Task and CPU usage stats:
       JobID    JobName  AllocCPUS   NTasks     MinCPU MinCPUTask     AveCPU    Elapsed ExitCode 
------------ ---------- ---------- -------- ---------- ---------- ---------- ---------- -------- 
242564       V50_gxpf1a       1024                                             00:00:36      0:0 
242564.batch      batch        128        1   00:00:00          0   00:00:00   00:00:36      0:0 
242564.exte+     extern       1024        8   00:00:00          1   00:00:00   00:00:36      0:0 
242564.0     hydra_bst+        128        8   00:30:40          0   00:30:56   00:00:27      0:0 
242564.1     hydra_bst+        128        8   00:00:00          2   00:00:00   00:00:04      0:0 

Memory usage stats:
       JobID     MaxRSS MaxRSSTask     AveRSS MaxPages   MaxPagesTask   AvePages 
------------ ---------- ---------- ---------- -------- -------------- ---------- 
242564                                                                           
242564.batch      8018K          0      8018K       11              0         11 
242564.exte+       811K          2     659072        3              1          3 
242564.0       4865312K          6 4963433856      119              6        110 
242564.1          1995K          1    2038016        0              2          0 

Disk usage stats:
       JobID  MaxDiskRead MaxDiskReadTask    AveDiskRead MaxDiskWrite MaxDiskWriteTask   AveDiskWrite 
------------ ------------ --------------- -------------- ------------ ---------------- -------------- 
242564                                                                                                
242564.batch        8.26M               0          8.26M        1.36M                0          1.36M 
242564.exte+        0.00M               1          0.00M            0                1              0 
242564.0           38.53M               0         38.52M       67.09M                0         67.07M 
242564.1                0               2              0            0                2              0 

Job 242564 completed at Thu Oct 21 17:21:05 CEST 2021
